This file contains any messages produced by compilers while
running configure, to aid debugging if configure makes a mistake.

It was created by configure, which was
generated by GNU Autoconf 2.59.  Invocation command line was

  $ /home/rickboggin/Thesis/CISB-dataset/env/gcc-4.1.1/fastjar/configure --cache-file=./config.cache --build=x86_64-unknown-linux-gnu --host=x86_64-unknown-linux-gnu --target=x86_64-unknown-linux-gnu --prefix=/opt/gcc-4.1.1 --disable-multilib --enable-languages=c,c++,fortran,java,objc --program-transform-name=s,y,y, --srcdir=../../gcc-4.1.1/fastjar

## --------- ##
## Platform. ##
## --------- ##

hostname = boggeritefarm
uname -m = x86_64
uname -r = 6.8.0-51-generic
uname -s = Linux
uname -v = #52-Ubuntu SMP PREEMPT_DYNAMIC Thu Dec  5 13:09:44 UTC 2024

/usr/bin/uname -p = x86_64
/bin/uname -X     = unknown

/bin/arch              = x86_64
/usr/bin/arch -k       = unknown
/usr/convex/getsysinfo = unknown
hostinfo               = unknown
/bin/machine           = unknown
/usr/bin/oslevel       = unknown
/bin/universe          = unknown

PATH: /usr/local/sbin
PATH: /usr/local/bin
PATH: /usr/sbin
PATH: /usr/bin
PATH: /sbin
PATH: /bin
PATH: /usr/games
PATH: /usr/local/games
PATH: /snap/bin


## ----------- ##
## Core tests. ##
## ----------- ##

configure:1229: creating cache ./config.cache
configure:1348: checking for a BSD-compatible install
configure:1403: result: /usr/bin/install -c
configure:1414: checking whether build environment is sane
configure:1457: result: yes
configure:1522: checking for gawk
configure:1538: found /usr/bin/gawk
configure:1548: result: gawk
configure:1558: checking whether make sets $(MAKE)
configure:1578: result: yes
configure:1757: checking for x86_64-unknown-linux-gnu-gcc
configure:1783: result: gcc
configure:2065: checking for C compiler version
configure:2068: gcc --version </dev/null >&5
gcc (Ubuntu 13.3.0-6ubuntu2~24.04) 13.3.0
Copyright (C) 2023 Free Software Foundation, Inc.
This is free software; see the source for copying conditions.  There is NO
warranty; not even for MERCHANTABILITY or FITNESS FOR A PARTICULAR PURPOSE.

configure:2071: $? = 0
configure:2073: gcc -v </dev/null >&5
Using built-in specs.
COLLECT_GCC=gcc
COLLECT_LTO_WRAPPER=/usr/libexec/gcc/x86_64-linux-gnu/13/lto-wrapper
OFFLOAD_TARGET_NAMES=nvptx-none:amdgcn-amdhsa
OFFLOAD_TARGET_DEFAULT=1
Target: x86_64-linux-gnu
Configured with: ../src/configure -v --with-pkgversion='Ubuntu 13.3.0-6ubuntu2~24.04' --with-bugurl=file:///usr/share/doc/gcc-13/README.Bugs --enable-languages=c,ada,c++,go,d,fortran,objc,obj-c++,m2 --prefix=/usr --with-gcc-major-version-only --program-suffix=-13 --program-prefix=x86_64-linux-gnu- --enable-shared --enable-linker-build-id --libexecdir=/usr/libexec --without-included-gettext --enable-threads=posix --libdir=/usr/lib --enable-nls --enable-bootstrap --enable-clocale=gnu --enable-libstdcxx-debug --enable-libstdcxx-time=yes --with-default-libstdcxx-abi=new --enable-libstdcxx-backtrace --enable-gnu-unique-object --disable-vtable-verify --enable-plugin --enable-default-pie --with-system-zlib --enable-libphobos-checking=release --with-target-system-zlib=auto --enable-objc-gc=auto --enable-multiarch --disable-werror --enable-cet --with-arch-32=i686 --with-abi=m64 --with-multilib-list=m32,m64,mx32 --enable-multilib --with-tune=generic --enable-offload-targets=nvptx-none=/build/gcc-13-fG75Ri/gcc-13-13.3.0/debian/tmp-nvptx/usr,amdgcn-amdhsa=/build/gcc-13-fG75Ri/gcc-13-13.3.0/debian/tmp-gcn/usr --enable-offload-defaulted --without-cuda-driver --enable-checking=release --build=x86_64-linux-gnu --host=x86_64-linux-gnu --target=x86_64-linux-gnu --with-build-config=bootstrap-lto-lean --enable-link-serialization=2
Thread model: posix
Supported LTO compression algorithms: zlib zstd
gcc version 13.3.0 (Ubuntu 13.3.0-6ubuntu2~24.04) 
configure:2076: $? = 0
configure:2078: gcc -V </dev/null >&5
gcc: error: unrecognized command-line option '-V'
gcc: fatal error: no input files
compilation terminated.
configure:2081: $? = 1
configure:2104: checking for C compiler default output file name
configure:2107: gcc -g -O2   conftest.c  >&5
configure:2110: $? = 0
configure:2156: result: a.out
configure:2161: checking whether the C compiler works
configure:2167: ./a.out
configure:2170: $? = 0
configure:2187: result: yes
configure:2194: checking whether we are cross compiling
configure:2196: result: no
configure:2199: checking for suffix of executables
configure:2201: gcc -o conftest -g -O2   conftest.c  >&5
configure:2204: $? = 0
configure:2229: result: 
configure:2235: checking for suffix of object files
configure:2256: gcc -c -g -O2  conftest.c >&5
configure:2259: $? = 0
configure:2281: result: o
configure:2285: checking whether we are using the GNU C compiler
configure:2309: gcc -c -g -O2  conftest.c >&5
configure:2315: $? = 0
configure:2319: test -z 
			 || test ! -s conftest.err
configure:2322: $? = 0
configure:2325: test -s conftest.o
configure:2328: $? = 0
configure:2341: result: yes
configure:2347: checking whether gcc accepts -g
configure:2368: gcc -c -g  conftest.c >&5
configure:2374: $? = 0
configure:2378: test -z 
			 || test ! -s conftest.err
configure:2381: $? = 0
configure:2384: test -s conftest.o
configure:2387: $? = 0
configure:2398: result: yes
configure:2415: checking for gcc option to accept ANSI C
configure:2485: gcc  -c -g -O2  conftest.c >&5
configure:2491: $? = 0
configure:2495: test -z 
			 || test ! -s conftest.err
configure:2498: $? = 0
configure:2501: test -s conftest.o
configure:2504: $? = 0
configure:2522: result: none needed
configure:2540: gcc -c -g -O2  conftest.c >&5
conftest.c:2:3: error: unknown type name 'choke'
    2 |   choke me
      |   ^~~~~
conftest.c:2:3: error: expected '=', ',', ';', 'asm' or '__attribute__' at end of input
configure:2546: $? = 1
configure: failed program was:
| #ifndef __cplusplus
|   choke me
| #endif
configure:2690: checking for style of include used by make
configure:2718: result: GNU
configure:2746: checking dependency style of gcc
configure:2836: result: gcc3
configure:2866: checking for a BSD-compatible install
configure:2921: result: /usr/bin/install -c
configure:2934: checking for rm
configure:2953: found /usr/bin/rm
configure:2966: result: /usr/bin/rm
configure:2975: checking for cp
configure:2994: found /usr/bin/cp
configure:3007: result: /usr/bin/cp
configure:3016: checking for strip
configure:3035: found /usr/bin/strip
configure:3048: result: /usr/bin/strip
configure:3057: checking for chmod
configure:3076: found /usr/bin/chmod
configure:3089: result: /usr/bin/chmod
configure:3098: checking whether to enable maintainer-specific portions of Makefiles
configure:3107: result: no
configure:3137: checking for dirent.h that defines DIR
configure:3161: gcc -c -g -O2  conftest.c >&5
configure:3167: $? = 0
configure:3171: test -z 
			 || test ! -s conftest.err
configure:3174: $? = 0
configure:3177: test -s conftest.o
configure:3180: $? = 0
configure:3191: result: yes
configure:3204: checking for library containing opendir
configure:3234: gcc -o conftest -g -O2   conftest.c  >&5
configure:3240: $? = 0
configure:3244: test -z 
			 || test ! -s conftest.err
configure:3247: $? = 0
configure:3250: test -s conftest
configure:3253: $? = 0
configure:3323: result: none required
configure:3464: checking how to run the C preprocessor
configure:3499: gcc -E  conftest.c
configure:3505: $? = 0
configure:3537: gcc -E  conftest.c
conftest.c:12:10: fatal error: ac_nonexistent.h: No such file or directory
   12 | #include <ac_nonexistent.h>
      |          ^~~~~~~~~~~~~~~~~~
compilation terminated.
configure:3543: $? = 1
configure: failed program was:
| /* confdefs.h.  */
| 
| #define PACKAGE_NAME ""
| #define PACKAGE_TARNAME ""
| #define PACKAGE_VERSION ""
| #define PACKAGE_STRING ""
| #define PACKAGE_BUGREPORT ""
| #define PACKAGE "fastjar"
| #define VERSION "0.92-gcc"
| #define HAVE_DIRENT_H 1
| /* end confdefs.h.  */
| #include <ac_nonexistent.h>
configure:3582: result: gcc -E
configure:3606: gcc -E  conftest.c
configure:3612: $? = 0
configure:3644: gcc -E  conftest.c
conftest.c:12:10: fatal error: ac_nonexistent.h: No such file or directory
   12 | #include <ac_nonexistent.h>
      |          ^~~~~~~~~~~~~~~~~~
compilation terminated.
configure:3650: $? = 1
configure: failed program was:
| /* confdefs.h.  */
| 
| #define PACKAGE_NAME ""
| #define PACKAGE_TARNAME ""
| #define PACKAGE_VERSION ""
| #define PACKAGE_STRING ""
| #define PACKAGE_BUGREPORT ""
| #define PACKAGE "fastjar"
| #define VERSION "0.92-gcc"
| #define HAVE_DIRENT_H 1
| /* end confdefs.h.  */
| #include <ac_nonexistent.h>
configure:3694: checking for egrep
configure:3704: result: grep -E
configure:3709: checking for ANSI C header files
configure:3734: gcc -c -g -O2  conftest.c >&5
configure:3740: $? = 0
configure:3744: test -z 
			 || test ! -s conftest.err
configure:3747: $? = 0
configure:3750: test -s conftest.o
configure:3753: $? = 0
configure:3842: gcc -o conftest -g -O2   conftest.c  >&5
conftest.c: In function 'main':
conftest.c:29:7: warning: implicit declaration of function 'exit' [-Wimplicit-function-declaration]
   29 |       exit(2);
      |       ^~~~
conftest.c:13:1: note: include '<stdlib.h>' or provide a declaration of 'exit'
   12 | #include <ctype.h>
  +++ |+#include <stdlib.h>
   13 | #if ((' ' & 0x0FF) == 0x020)
conftest.c:29:7: warning: incompatible implicit declaration of built-in function 'exit' [-Wbuiltin-declaration-mismatch]
   29 |       exit(2);
      |       ^~~~
conftest.c:29:7: note: include '<stdlib.h>' or provide a declaration of 'exit'
conftest.c:30:3: warning: incompatible implicit declaration of built-in function 'exit' [-Wbuiltin-declaration-mismatch]
   30 |   exit (0);
      |   ^~~~
conftest.c:30:3: note: include '<stdlib.h>' or provide a declaration of 'exit'
configure:3845: $? = 0
configure:3847: ./conftest
configure:3850: $? = 0
configure:3865: result: yes
configure:3875: checking whether struct tm is in sys/time.h or time.h
configure:3898: gcc -c -g -O2  conftest.c >&5
configure:3904: $? = 0
configure:3908: test -z 
			 || test ! -s conftest.err
configure:3911: $? = 0
configure:3914: test -s conftest.o
configure:3917: $? = 0
configure:3928: result: time.h
configure:3952: checking for sys/types.h
configure:3968: gcc -c -g -O2  conftest.c >&5
configure:3974: $? = 0
configure:3978: test -z 
			 || test ! -s conftest.err
configure:3981: $? = 0
configure:3984: test -s conftest.o
configure:3987: $? = 0
configure:3998: result: yes
configure:3952: checking for sys/stat.h
configure:3968: gcc -c -g -O2  conftest.c >&5
configure:3974: $? = 0
configure:3978: test -z 
			 || test ! -s conftest.err
configure:3981: $? = 0
configure:3984: test -s conftest.o
configure:3987: $? = 0
configure:3998: result: yes
configure:3952: checking for stdlib.h
configure:3968: gcc -c -g -O2  conftest.c >&5
configure:3974: $? = 0
configure:3978: test -z 
			 || test ! -s conftest.err
configure:3981: $? = 0
configure:3984: test -s conftest.o
configure:3987: $? = 0
configure:3998: result: yes
configure:3952: checking for string.h
configure:3968: gcc -c -g -O2  conftest.c >&5
configure:3974: $? = 0
configure:3978: test -z 
			 || test ! -s conftest.err
configure:3981: $? = 0
configure:3984: test -s conftest.o
configure:3987: $? = 0
configure:3998: result: yes
configure:3952: checking for memory.h
configure:3968: gcc -c -g -O2  conftest.c >&5
configure:3974: $? = 0
configure:3978: test -z 
			 || test ! -s conftest.err
configure:3981: $? = 0
configure:3984: test -s conftest.o
configure:3987: $? = 0
configure:3998: result: yes
configure:3952: checking for strings.h
configure:3968: gcc -c -g -O2  conftest.c >&5
configure:3974: $? = 0
configure:3978: test -z 
			 || test ! -s conftest.err
configure:3981: $? = 0
configure:3984: test -s conftest.o
configure:3987: $? = 0
configure:3998: result: yes
configure:3952: checking for inttypes.h
configure:3968: gcc -c -g -O2  conftest.c >&5
configure:3974: $? = 0
configure:3978: test -z 
			 || test ! -s conftest.err
configure:3981: $? = 0
configure:3984: test -s conftest.o
configure:3987: $? = 0
configure:3998: result: yes
configure:3952: checking for stdint.h
configure:3968: gcc -c -g -O2  conftest.c >&5
configure:3974: $? = 0
configure:3978: test -z 
			 || test ! -s conftest.err
configure:3981: $? = 0
configure:3984: test -s conftest.o
configure:3987: $? = 0
configure:3998: result: yes
configure:3952: checking for unistd.h
configure:3968: gcc -c -g -O2  conftest.c >&5
configure:3974: $? = 0
configure:3978: test -z 
			 || test ! -s conftest.err
configure:3981: $? = 0
configure:3984: test -s conftest.o
configure:3987: $? = 0
configure:3998: result: yes
configure:4028: checking fcntl.h usability
configure:4040: gcc -c -g -O2  conftest.c >&5
configure:4046: $? = 0
configure:4050: test -z 
			 || test ! -s conftest.err
configure:4053: $? = 0
configure:4056: test -s conftest.o
configure:4059: $? = 0
configure:4069: result: yes
configure:4073: checking fcntl.h presence
configure:4083: gcc -E  conftest.c
configure:4089: $? = 0
configure:4109: result: yes
configure:4144: checking for fcntl.h
configure:4151: result: yes
configure:4019: checking for unistd.h
configure:4024: result: yes
configure:4028: checking sys/param.h usability
configure:4040: gcc -c -g -O2  conftest.c >&5
configure:4046: $? = 0
configure:4050: test -z 
			 || test ! -s conftest.err
configure:4053: $? = 0
configure:4056: test -s conftest.o
configure:4059: $? = 0
configure:4069: result: yes
configure:4073: checking sys/param.h presence
configure:4083: gcc -E  conftest.c
configure:4089: $? = 0
configure:4109: result: yes
configure:4144: checking for sys/param.h
configure:4151: result: yes
configure:4019: checking for stdlib.h
configure:4024: result: yes
configure:4028: checking limits.h usability
configure:4040: gcc -c -g -O2  conftest.c >&5
configure:4046: $? = 0
configure:4050: test -z 
			 || test ! -s conftest.err
configure:4053: $? = 0
configure:4056: test -s conftest.o
configure:4059: $? = 0
configure:4069: result: yes
configure:4073: checking limits.h presence
configure:4083: gcc -E  conftest.c
configure:4089: $? = 0
configure:4109: result: yes
configure:4144: checking for limits.h
configure:4151: result: yes
configure:4170: checking for ftruncate
configure:4227: gcc -o conftest -g -O2   conftest.c  >&5
configure:4233: $? = 0
configure:4237: test -z 
			 || test ! -s conftest.err
configure:4240: $? = 0
configure:4243: test -s conftest
configure:4246: $? = 0
configure:4258: result: yes
configure:4170: checking for _chsize
configure:4227: gcc -o conftest -g -O2   conftest.c  >&5
/usr/bin/ld: /tmp/cca7AWe5.o: in function `main':
/home/rickboggin/Thesis/CISB-dataset/env/gcc-4.1.1-build/fastjar/conftest.c:68:(.text.startup+0x7): undefined reference to `_chsize'
/usr/bin/ld: /tmp/cca7AWe5.o:/home/rickboggin/Thesis/CISB-dataset/env/gcc-4.1.1-build/fastjar/conftest.c:59:(.data.rel+0x0): undefined reference to `_chsize'
collect2: error: ld returned 1 exit status
configure:4233: $? = 1
configure: failed program was:
| /* confdefs.h.  */
| 
| #define PACKAGE_NAME ""
| #define PACKAGE_TARNAME ""
| #define PACKAGE_VERSION ""
| #define PACKAGE_STRING ""
| #define PACKAGE_BUGREPORT ""
| #define PACKAGE "fastjar"
| #define VERSION "0.92-gcc"
| #define HAVE_DIRENT_H 1
| #define STDC_HEADERS 1
| #define HAVE_SYS_TYPES_H 1
| #define HAVE_SYS_STAT_H 1
| #define HAVE_STDLIB_H 1
| #define HAVE_STRING_H 1
| #define HAVE_MEMORY_H 1
| #define HAVE_STRINGS_H 1
| #define HAVE_INTTYPES_H 1
| #define HAVE_STDINT_H 1
| #define HAVE_UNISTD_H 1
| #define HAVE_FCNTL_H 1
| #define HAVE_UNISTD_H 1
| #define HAVE_SYS_PARAM_H 1
| #define HAVE_STDLIB_H 1
| #define HAVE_LIMITS_H 1
| #define HAVE_FTRUNCATE 1
| /* end confdefs.h.  */
| /* Define _chsize to an innocuous variant, in case <limits.h> declares _chsize.
|    For example, HP-UX 11i <limits.h> declares gettimeofday.  */
| #define _chsize innocuous__chsize
| 
| /* System header to define __stub macros and hopefully few prototypes,
|     which can conflict with char _chsize (); below.
|     Prefer <limits.h> to <assert.h> if __STDC__ is defined, since
|     <limits.h> exists even on freestanding compilers.  */
| 
| #ifdef __STDC__
| # include <limits.h>
| #else
| # include <assert.h>
| #endif
| 
| #undef _chsize
| 
| /* Override any gcc2 internal prototype to avoid an error.  */
| #ifdef __cplusplus
| extern "C"
| {
| #endif
| /* We use char because int might match the return type of a gcc2
|    builtin and then its argument prototype would still apply.  */
| char _chsize ();
| /* The GNU C library defines this for functions which it implements
|     to always fail with ENOSYS.  Some functions are actually named
|     something starting with __ and the normal name is an alias.  */
| #if defined (__stub__chsize) || defined (__stub____chsize)
| choke me
| #else
| char (*f) () = _chsize;
| #endif
| #ifdef __cplusplus
| }
| #endif
| 
| int
| main ()
| {
| return f != _chsize;
|   ;
|   return 0;
| }
configure:4258: result: no
configure:4269: checking for off_t
configure:4293: gcc -c -g -O2  conftest.c >&5
configure:4299: $? = 0
configure:4303: test -z 
			 || test ! -s conftest.err
configure:4306: $? = 0
configure:4309: test -s conftest.o
configure:4312: $? = 0
configure:4323: result: yes
configure:4335: checking whether struct tm is in sys/time.h or time.h
configure:4388: result: time.h
configure:4400: checking if mkdir takes one argument
configure:4431: gcc -c -g -O2  conftest.c >&5
configure:4437: $? = 0
configure:4441: test -z 
			 || test ! -s conftest.err
configure:4444: $? = 0
configure:4447: test -s conftest.o
configure:4450: $? = 0
configure:4461: result: no
configure:4472: checking for char
configure:4496: gcc -c -g -O2  conftest.c >&5
configure:4502: $? = 0
configure:4506: test -z 
			 || test ! -s conftest.err
configure:4509: $? = 0
configure:4512: test -s conftest.o
configure:4515: $? = 0
configure:4526: result: yes
configure:4529: checking size of char
configure:4848: gcc -o conftest -g -O2   conftest.c  >&5
configure:4851: $? = 0
configure:4853: ./conftest
configure:4856: $? = 0
configure:4879: result: 1
configure:4886: checking for short
configure:4910: gcc -c -g -O2  conftest.c >&5
configure:4916: $? = 0
configure:4920: test -z 
			 || test ! -s conftest.err
configure:4923: $? = 0
configure:4926: test -s conftest.o
configure:4929: $? = 0
configure:4940: result: yes
configure:4943: checking size of short
configure:5262: gcc -o conftest -g -O2   conftest.c  >&5
configure:5265: $? = 0
configure:5267: ./conftest
configure:5270: $? = 0
configure:5293: result: 2
configure:5300: checking for int
configure:5324: gcc -c -g -O2  conftest.c >&5
configure:5330: $? = 0
configure:5334: test -z 
			 || test ! -s conftest.err
configure:5337: $? = 0
configure:5340: test -s conftest.o
configure:5343: $? = 0
configure:5354: result: yes
configure:5357: checking size of int
configure:5676: gcc -o conftest -g -O2   conftest.c  >&5
configure:5679: $? = 0
configure:5681: ./conftest
configure:5684: $? = 0
configure:5707: result: 4
configure:5714: checking for long
configure:5738: gcc -c -g -O2  conftest.c >&5
configure:5744: $? = 0
configure:5748: test -z 
			 || test ! -s conftest.err
configure:5751: $? = 0
configure:5754: test -s conftest.o
configure:5757: $? = 0
configure:5768: result: yes
configure:5771: checking size of long
configure:6090: gcc -o conftest -g -O2   conftest.c  >&5
configure:6093: $? = 0
configure:6095: ./conftest
configure:6098: $? = 0
configure:6121: result: 8
configure:6128: checking for long long
configure:6152: gcc -c -g -O2  conftest.c >&5
configure:6158: $? = 0
configure:6162: test -z 
			 || test ! -s conftest.err
configure:6165: $? = 0
configure:6168: test -s conftest.o
configure:6171: $? = 0
configure:6182: result: yes
configure:6190: checking for long long
configure:6244: result: yes
configure:6247: checking size of long long
configure:6566: gcc -o conftest -g -O2   conftest.c  >&5
configure:6569: $? = 0
configure:6571: ./conftest
configure:6574: $? = 0
configure:6597: result: 8
configure:6607: checking whether byte ordering is bigendian
configure:6634: gcc -c -g -O2  conftest.c >&5
configure:6640: $? = 0
configure:6644: test -z 
			 || test ! -s conftest.err
configure:6647: $? = 0
configure:6650: test -s conftest.o
configure:6653: $? = 0
configure:6677: gcc -c -g -O2  conftest.c >&5
conftest.c: In function 'main':
conftest.c:41:2: error: unknown type name 'not'; did you mean 'ino_t'?
   41 |  not big endian
      |  ^~~
      |  ino_t
conftest.c:41:10: error: expected '=', ',', ';', 'asm' or '__attribute__' before 'endian'
   41 |  not big endian
      |          ^~~~~~
configure:6683: $? = 1
configure: failed program was:
| /* confdefs.h.  */
| 
| #define PACKAGE_NAME ""
| #define PACKAGE_TARNAME ""
| #define PACKAGE_VERSION ""
| #define PACKAGE_STRING ""
| #define PACKAGE_BUGREPORT ""
| #define PACKAGE "fastjar"
| #define VERSION "0.92-gcc"
| #define HAVE_DIRENT_H 1
| #define STDC_HEADERS 1
| #define HAVE_SYS_TYPES_H 1
| #define HAVE_SYS_STAT_H 1
| #define HAVE_STDLIB_H 1
| #define HAVE_STRING_H 1
| #define HAVE_MEMORY_H 1
| #define HAVE_STRINGS_H 1
| #define HAVE_INTTYPES_H 1
| #define HAVE_STDINT_H 1
| #define HAVE_UNISTD_H 1
| #define HAVE_FCNTL_H 1
| #define HAVE_UNISTD_H 1
| #define HAVE_SYS_PARAM_H 1
| #define HAVE_STDLIB_H 1
| #define HAVE_LIMITS_H 1
| #define HAVE_FTRUNCATE 1
| #define SIZEOF_CHAR 1
| #define SIZEOF_SHORT 2
| #define SIZEOF_INT 4
| #define SIZEOF_LONG 8
| #define HAVE_LONG_LONG 1
| #define SIZEOF_LONG_LONG 8
| /* end confdefs.h.  */
| #include <sys/types.h>
| #include <sys/param.h>
| 
| int
| main ()
| {
| #if BYTE_ORDER != BIG_ENDIAN
|  not big endian
| #endif
| 
|   ;
|   return 0;
| }
configure:6818: result: no
configure:6941: checking whether to place generated files in the source directory
configure:6951: result: no
configure:7088: creating ./config.status

## ---------------------- ##
## Running config.status. ##
## ---------------------- ##

This file was extended by config.status, which was
generated by GNU Autoconf 2.59.  Invocation command line was

  CONFIG_FILES    = 
  CONFIG_HEADERS  = 
  CONFIG_LINKS    = 
  CONFIG_COMMANDS = 
  $ ./config.status 

on boggeritefarm

config.status:7838: creating Makefile
config.status:7838: creating install-defs.sh
config.status:7941: creating config.h
config.status:8265: executing depfiles commands

## ---------------- ##
## Cache variables. ##
## ---------------- ##

ac_cv_c_bigendian='no'
ac_cv_c_compiler_gnu='yes'
ac_cv_env_CC_set='set'
ac_cv_env_CC_value='gcc'
ac_cv_env_CFLAGS_set='set'
ac_cv_env_CFLAGS_value='-g -O2'
ac_cv_env_CPPFLAGS_set=''
ac_cv_env_CPPFLAGS_value=''
ac_cv_env_CPP_set=''
ac_cv_env_CPP_value=''
ac_cv_env_LDFLAGS_set='set'
ac_cv_env_LDFLAGS_value=''
ac_cv_env_build_alias_set='set'
ac_cv_env_build_alias_value='x86_64-unknown-linux-gnu'
ac_cv_env_host_alias_set='set'
ac_cv_env_host_alias_value='x86_64-unknown-linux-gnu'
ac_cv_env_target_alias_set='set'
ac_cv_env_target_alias_value='x86_64-unknown-linux-gnu'
ac_cv_exeext=''
ac_cv_func__chsize='no'
ac_cv_func_ftruncate='yes'
ac_cv_header_dirent_dirent_h='yes'
ac_cv_header_fcntl_h='yes'
ac_cv_header_inttypes_h='yes'
ac_cv_header_limits_h='yes'
ac_cv_header_memory_h='yes'
ac_cv_header_stdc='yes'
ac_cv_header_stdint_h='yes'
ac_cv_header_stdlib_h='yes'
ac_cv_header_string_h='yes'
ac_cv_header_strings_h='yes'
ac_cv_header_sys_param_h='yes'
ac_cv_header_sys_stat_h='yes'
ac_cv_header_sys_types_h='yes'
ac_cv_header_unistd_h='yes'
ac_cv_objext='o'
ac_cv_path_CHMOD='/usr/bin/chmod'
ac_cv_path_CP='/usr/bin/cp'
ac_cv_path_RM='/usr/bin/rm'
ac_cv_path_STRIP='/usr/bin/strip'
ac_cv_prog_AWK='gawk'
ac_cv_prog_CC='gcc'
ac_cv_prog_CPP='gcc -E'
ac_cv_prog_cc_g='yes'
ac_cv_prog_cc_stdc=''
ac_cv_prog_egrep='grep -E'
ac_cv_prog_make_make_set='yes'
ac_cv_search_opendir='none required'
ac_cv_sizeof_char='1'
ac_cv_sizeof_int='4'
ac_cv_sizeof_long='8'
ac_cv_sizeof_long_long='8'
ac_cv_sizeof_short='2'
ac_cv_struct_tm='time.h'
ac_cv_type_char='yes'
ac_cv_type_int='yes'
ac_cv_type_long='yes'
ac_cv_type_long_long='yes'
ac_cv_type_off_t='yes'
ac_cv_type_short='yes'
am_cv_CC_dependencies_compiler_type='gcc3'
gcc_cv_mkdir_takes_one_arg='no'

## ----------------- ##
## Output variables. ##
## ----------------- ##

ACLOCAL='${SHELL} /home/rickboggin/Thesis/CISB-dataset/env/gcc-4.1.1/missing --run aclocal-1.9'
AMDEPBACKSLASH='\'
AMDEP_FALSE='#'
AMDEP_TRUE=''
AMTAR='${SHELL} /home/rickboggin/Thesis/CISB-dataset/env/gcc-4.1.1/missing --run tar'
AUTOCONF='${SHELL} /home/rickboggin/Thesis/CISB-dataset/env/gcc-4.1.1/missing --run autoconf'
AUTOHEADER='${SHELL} /home/rickboggin/Thesis/CISB-dataset/env/gcc-4.1.1/missing --run autoheader'
AUTOMAKE='${SHELL} /home/rickboggin/Thesis/CISB-dataset/env/gcc-4.1.1/missing --run automake-1.9'
AWK='gawk'
CC='gcc'
CCDEPMODE='depmode=gcc3'
CFLAGS='-g -O2'
CHMOD='/usr/bin/chmod'
CP='/usr/bin/cp'
CPP='gcc -E'
CPPFLAGS=''
CYGPATH_W='echo'
DEFS='-DHAVE_CONFIG_H'
DEPDIR='.deps'
ECHO_C='ECHO_N=''
ECHO_T=''
EGREP='grep -E'
EXEEXT=''
GENINSRC_FALSE=''
GENINSRC_TRUE='#'
INSTALL_DATA='/usr/bin/install -c -m 644'
INSTALL_PROGRAM='/usr/bin/install -c'
INSTALL_SCRIPT='/usr/bin/install -c'
INSTALL_STRIP_PROGRAM='${SHELL} $(install_sh) -c -s'
LDFLAGS=''
LIBOBJS=''
LIBS=''
LTLIBOBJS=''
MAINT='#'
MAINTAINER_MODE_FALSE=''
MAINTAINER_MODE_TRUE='#'
MAKEINFO='makeinfo --split-size=5000000'
OBJEXT='o'
PACKAGE='fastjar'
PACKAGE_BUGREPORT=''
PACKAGE_NAME=''
PACKAGE_STRING=''
PACKAGE_TARNAME=''
PACKAGE_VERSION=''
PATH_SEPARATOR=':'
RM='/usr/bin/rm'
SET_MAKE=''
SHELL='/bin/sh'
STRIP='/usr/bin/strip'
VERSION='0.92-gcc'
ZDEPS='$(top_builddir)/../zlib/libz.a'
ZINCS='-I$(top_srcdir)/../zlib'
ZLIBS='$(top_builddir)/../zlib/libz.a -L$(here)/../zlib/'
ac_ct_CC=''
ac_ct_STRIP=''
am__fastdepCC_FALSE='#'
am__fastdepCC_TRUE=''
am__include='include'
am__leading_dot='.'
am__quote=''
am__tar='${AMTAR} chof - "$$tardir"'
am__untar='${AMTAR} xf -'
bindir='${exec_prefix}/bin'
build_alias='x86_64-unknown-linux-gnu'
datadir='${prefix}/share'
exec_prefix='${prefix}'
fastjar_warn_cflags='-W -Wall -pedantic -Wstrict-prototypes -Wmissing-prototypes -Wwrite-strings'
host_alias='x86_64-unknown-linux-gnu'
includedir='${prefix}/include'
infodir='${prefix}/info'
install_sh='/home/rickboggin/Thesis/CISB-dataset/env/gcc-4.1.1/install-sh'
libdir='${exec_prefix}/lib'
libexecdir='${exec_prefix}/libexec'
localstatedir='${prefix}/var'
mandir='${prefix}/man'
mkdir_p='mkdir -p --'
oldincludedir='/usr/include'
prefix='/opt/gcc-4.1.1'
program_transform_name='s,y,y,'
sbindir='${exec_prefix}/sbin'
sharedstatedir='${prefix}/com'
sysconfdir='${prefix}/etc'
target_alias='x86_64-unknown-linux-gnu'

## ----------- ##
## confdefs.h. ##
## ----------- ##

#define HAVE_DIRENT_H 1
#define HAVE_FCNTL_H 1
#define HAVE_FTRUNCATE 1
#define HAVE_INTTYPES_H 1
#define HAVE_LIMITS_H 1
#define HAVE_LONG_LONG 1
#define HAVE_MEMORY_H 1
#define HAVE_STDINT_H 1
#define HAVE_STDLIB_H 1
#define HAVE_STDLIB_H 1
#define HAVE_STRINGS_H 1
#define HAVE_STRING_H 1
#define HAVE_SYS_PARAM_H 1
#define HAVE_SYS_STAT_H 1
#define HAVE_SYS_TYPES_H 1
#define HAVE_UNISTD_H 1
#define HAVE_UNISTD_H 1
#define PACKAGE "fastjar"
#define PACKAGE_BUGREPORT ""
#define PACKAGE_NAME ""
#define PACKAGE_STRING ""
#define PACKAGE_TARNAME ""
#define PACKAGE_VERSION ""
#define SIZEOF_CHAR 1
#define SIZEOF_INT 4
#define SIZEOF_LONG 8
#define SIZEOF_LONG_LONG 8
#define SIZEOF_SHORT 2
#define STDC_HEADERS 1
#define VERSION "0.92-gcc"

configure: exit 0
